<?xml version="1.0" encoding="UTF-8"?>
<!-- Generated by org.testng.reporters.JUnitXMLReporter -->
<testsuite hostname="android" name="Test" tests="17" failures="0" timestamp="21 May 2017 18:52:52 GMT" time="42.291" errors="0">
  <testcase name="loginAlphanumerical_Pass" time="6.002" classname="com.testapp.galenframework.regression.TestsCases_galenframeworkpage"/>
  <testcase name="loginAlphanumerical_User" time="1.182" classname="com.testapp.galenframework.regression.TestsCases_galenframeworkpage"/>
  <testcase name="loginAlphanumerical_User_and_Pass" time="1.177" classname="com.testapp.galenframework.regression.TestsCases_galenframeworkpage"/>
  <testcase name="loginBasic_SQLInjection" time="1.294" classname="com.testapp.galenframework.regression.TestsCases_galenframeworkpage"/>
  <testcase name="loginBlankSpacePass_CorrectUserandPass" time="1.322" classname="com.testapp.galenframework.regression.TestsCases_galenframeworkpage"/>
  <testcase name="loginBlankSpacePass_and_User_CorrectUserandPass" time="1.346" classname="com.testapp.galenframework.regression.TestsCases_galenframeworkpage"/>
  <testcase name="loginBlankSpaceUser_CorrectUserandPass" time="1.415" classname="com.testapp.galenframework.regression.TestsCases_galenframeworkpage"/>
  <testcase name="loginBlankSpacesOnly" time="1.643" classname="com.testapp.galenframework.regression.TestsCases_galenframeworkpage"/>
  <testcase name="loginCorrectPass_WrongUser" time="1.273" classname="com.testapp.galenframework.regression.TestsCases_galenframeworkpage"/>
  <testcase name="loginCorrectUser_WrongPass" time="1.419" classname="com.testapp.galenframework.regression.TestsCases_galenframeworkpage"/>
  <testcase name="loginEmptyPasswordOnly" time="1.306" classname="com.testapp.galenframework.regression.TestsCases_galenframeworkpage"/>
  <testcase name="loginEmptyUserandEmptyPass" time="1.224" classname="com.testapp.galenframework.regression.TestsCases_galenframeworkpage"/>
  <testcase name="loginEmptyUserdOnly" time="1.632" classname="com.testapp.galenframework.regression.TestsCases_galenframeworkpage"/>
  <testcase name="loginPassSpecialChar_CorrectUser" time="1.746" classname="com.testapp.galenframework.regression.TestsCases_galenframeworkpage"/>
  <testcase name="loginUserSpecialChar_CorrectPass" time="1.949" classname="com.testapp.galenframework.regression.TestsCases_galenframeworkpage"/>
  <testcase name="loginWrongUserandWrongPass" time="1.993" classname="com.testapp.galenframework.regression.TestsCases_galenframeworkpage"/>
  <testcase name="logincorrectUserandPass" time="2.435" classname="com.testapp.galenframework.regression.TestsCases_galenframeworkpage"/>
</testsuite> <!-- Test -->
