<?xml version="1.0" encoding="UTF-8"?>
<!-- Generated by org.testng.reporters.JUnitXMLReporter -->
<testsuite hostname="android" name="Default test" tests="17" failures="0" timestamp="21 May 2017 19:58:10 GMT" time="95.94" errors="0">
  <testcase name="loginAlphanumerical_Pass" time="7.37" classname="com.testapp.galenframework.regression.TestsCases_galenframeworkpage"/>
  <testcase name="loginAlphanumerical_User" time="3.708" classname="com.testapp.galenframework.regression.TestsCases_galenframeworkpage"/>
  <testcase name="loginAlphanumerical_User_and_Pass" time="14.517" classname="com.testapp.galenframework.regression.TestsCases_galenframeworkpage"/>
  <testcase name="loginBasic_SQLInjection" time="1.431" classname="com.testapp.galenframework.regression.TestsCases_galenframeworkpage"/>
  <testcase name="loginBlankSpacePass_CorrectUserandPass" time="1.174" classname="com.testapp.galenframework.regression.TestsCases_galenframeworkpage"/>
  <testcase name="loginBlankSpacePass_and_User_CorrectUserandPass" time="1.187" classname="com.testapp.galenframework.regression.TestsCases_galenframeworkpage"/>
  <testcase name="loginBlankSpaceUser_CorrectUserandPass" time="1.18" classname="com.testapp.galenframework.regression.TestsCases_galenframeworkpage"/>
  <testcase name="loginBlankSpacesOnly" time="1.257" classname="com.testapp.galenframework.regression.TestsCases_galenframeworkpage"/>
  <testcase name="loginCorrectPass_WrongUser" time="1.052" classname="com.testapp.galenframework.regression.TestsCases_galenframeworkpage"/>
  <testcase name="loginCorrectUser_WrongPass" time="1.047" classname="com.testapp.galenframework.regression.TestsCases_galenframeworkpage"/>
  <testcase name="loginEmptyPasswordOnly" time="1.022" classname="com.testapp.galenframework.regression.TestsCases_galenframeworkpage"/>
  <testcase name="loginEmptyUserandEmptyPass" time="1.012" classname="com.testapp.galenframework.regression.TestsCases_galenframeworkpage"/>
  <testcase name="loginEmptyUserdOnly" time="1.058" classname="com.testapp.galenframework.regression.TestsCases_galenframeworkpage"/>
  <testcase name="loginPassSpecialChar_CorrectUser" time="1.285" classname="com.testapp.galenframework.regression.TestsCases_galenframeworkpage"/>
  <testcase name="loginUserSpecialChar_CorrectPass" time="1.283" classname="com.testapp.galenframework.regression.TestsCases_galenframeworkpage"/>
  <testcase name="loginWrongUserandWrongPass" time="1.208" classname="com.testapp.galenframework.regression.TestsCases_galenframeworkpage"/>
  <testcase name="logincorrectUserandPass" time="1.577" classname="com.testapp.galenframework.regression.TestsCases_galenframeworkpage"/>
</testsuite> <!-- Default test -->
